build/app/intermediates/manifest_merge_blame_file/debug/manifest-merger-blame-debug-report.txt
1<?xml version="1.0" encoding="utf-8"?>
2<manifest xmlns:android="http://schemas.android.com/apk/res/android"
3    package="com.example.newsapp"
4    android:versionCode="1"
5    android:versionName="1.0.0" >
6
7    <uses-sdk
8        android:minSdkVersion="21"
9        android:targetSdkVersion="33" />
10    <!--
11         The INTERNET permission is required for development. Specifically,
12         the Flutter tool needs it to communicate with the running application
13         to allow setting breakpoints, to provide hot reload, etc.
14    -->
15    <uses-permission android:name="android.permission.INTERNET" />
15-->src\debug\AndroidManifest.xml:7:5-66
15-->src\debug\AndroidManifest.xml:7:22-64
16    <uses-permission android:name="android.permission.ACCESS_NETWORK_STATE" />
16-->[com.google.firebase:firebase-auth:21.1.0] AndroidManifest.xml:24:5-79
16-->[com.google.firebase:firebase-auth:21.1.0] AndroidManifest.xml:24:22-76
17
18    <queries>
18-->[com.facebook.android:facebook-common:16.0.0] AndroidManifest.xml:17:5-19:15
19        <package android:name="com.facebook.katana" />
19-->[com.facebook.android:facebook-common:16.0.0] AndroidManifest.xml:18:9-55
19-->[com.facebook.android:facebook-common:16.0.0] AndroidManifest.xml:18:18-52
20    </queries>
21
22    <uses-permission android:name="com.google.android.gms.permission.AD_ID" />
22-->[com.facebook.android:facebook-core:16.0.0] AndroidManifest.xml:16:5-79
22-->[com.facebook.android:facebook-core:16.0.0] AndroidManifest.xml:16:22-76
23    <uses-permission android:name="com.google.android.finsky.permission.BIND_GET_INSTALL_REFERRER_SERVICE" />
23-->[com.android.installreferrer:installreferrer:1.0] AndroidManifest.xml:9:5-110
23-->[com.android.installreferrer:installreferrer:1.0] AndroidManifest.xml:9:22-107
24
25    <application
26        android:name="android.app.Application"
27        android:appComponentFactory="androidx.core.app.CoreComponentFactory"
27-->[androidx.core:core:1.6.0] AndroidManifest.xml:24:18-86
28        android:debuggable="true"
29        android:icon="@mipmap/ic_launcher"
30        android:label="newsapp"
31        android:supportsRtl="true" >
31-->[com.facebook.android:facebook-login:16.0.0] AndroidManifest.xml:16:18-44
32        <activity
33            android:name="com.example.newsapp.MainActivity"
34            android:configChanges="orientation|keyboardHidden|keyboard|screenSize|smallestScreenSize|locale|layoutDirection|fontScale|screenLayout|density|uiMode"
35            android:exported="true"
36            android:hardwareAccelerated="true"
37            android:launchMode="singleTop"
38            android:theme="@style/LaunchTheme"
39            android:windowSoftInputMode="adjustResize" >
40
41            <!--
42                 Specifies an Android theme to apply to this Activity as soon as
43                 the Android process has started. This theme is visible to the user
44                 while the Flutter UI initializes. After that, this theme continues
45                 to determine the Window background behind the Flutter UI.
46            -->
47            <meta-data
48                android:name="io.flutter.embedding.android.NormalTheme"
49                android:resource="@style/NormalTheme" />
50
51            <intent-filter>
52                <action android:name="android.intent.action.MAIN" />
53
54                <category android:name="android.intent.category.LAUNCHER" />
55            </intent-filter>
56        </activity>
57        <!--
58             Don't delete the meta-data below.
59             This is used by the Flutter tool to generate GeneratedPluginRegistrant.java
60        -->
61        <meta-data
62            android:name="flutterEmbedding"
63            android:value="2" />
64
65        <service
65-->[:firebase_auth] AndroidManifest.xml:10:9-14:19
66            android:name="com.google.firebase.components.ComponentDiscoveryService"
66-->[:firebase_auth] AndroidManifest.xml:10:18-89
67            android:directBootAware="true"
67-->[com.google.firebase:firebase-common:20.3.0] AndroidManifest.xml:34:13-43
68            android:exported="false" >
68-->[com.google.firebase:firebase-auth:21.1.0] AndroidManifest.xml:66:13-37
69            <meta-data
69-->[:firebase_auth] AndroidManifest.xml:11:13-13:85
70                android:name="com.google.firebase.components:io.flutter.plugins.firebase.auth.FlutterFirebaseAuthRegistrar"
70-->[:firebase_auth] AndroidManifest.xml:12:17-124
71                android:value="com.google.firebase.components.ComponentRegistrar" />
71-->[:firebase_auth] AndroidManifest.xml:13:17-82
72            <meta-data
72-->[:firebase_core] AndroidManifest.xml:11:13-13:85
73                android:name="com.google.firebase.components:io.flutter.plugins.firebase.core.FlutterFirebaseCoreRegistrar"
73-->[:firebase_core] AndroidManifest.xml:12:17-124
74                android:value="com.google.firebase.components.ComponentRegistrar" />
74-->[:firebase_core] AndroidManifest.xml:13:17-82
75            <meta-data
75-->[com.google.firebase:firebase-auth:21.1.0] AndroidManifest.xml:67:13-69:85
76                android:name="com.google.firebase.components:com.google.firebase.auth.FirebaseAuthRegistrar"
76-->[com.google.firebase:firebase-auth:21.1.0] AndroidManifest.xml:68:17-109
77                android:value="com.google.firebase.components.ComponentRegistrar" />
77-->[com.google.firebase:firebase-auth:21.1.0] AndroidManifest.xml:69:17-82
78        </service>
79
80        <uses-library
80-->[androidx.window:window:1.0.0-beta04] AndroidManifest.xml:25:9-27:40
81            android:name="androidx.window.extensions"
81-->[androidx.window:window:1.0.0-beta04] AndroidManifest.xml:26:13-54
82            android:required="false" />
82-->[androidx.window:window:1.0.0-beta04] AndroidManifest.xml:27:13-37
83        <uses-library
83-->[androidx.window:window:1.0.0-beta04] AndroidManifest.xml:28:9-30:40
84            android:name="androidx.window.sidecar"
84-->[androidx.window:window:1.0.0-beta04] AndroidManifest.xml:29:13-51
85            android:required="false" />
85-->[androidx.window:window:1.0.0-beta04] AndroidManifest.xml:30:13-37
86
87        <activity
87-->[com.google.firebase:firebase-auth:21.1.0] AndroidManifest.xml:27:9-44:20
88            android:name="com.google.firebase.auth.internal.GenericIdpActivity"
88-->[com.google.firebase:firebase-auth:21.1.0] AndroidManifest.xml:28:13-80
89            android:excludeFromRecents="true"
89-->[com.google.firebase:firebase-auth:21.1.0] AndroidManifest.xml:29:13-46
90            android:exported="true"
90-->[com.google.firebase:firebase-auth:21.1.0] AndroidManifest.xml:30:13-36
91            android:launchMode="singleTask"
91-->[com.google.firebase:firebase-auth:21.1.0] AndroidManifest.xml:31:13-44
92            android:theme="@android:style/Theme.Translucent.NoTitleBar" >
92-->[com.google.firebase:firebase-auth:21.1.0] AndroidManifest.xml:32:13-72
93            <intent-filter>
93-->[com.google.firebase:firebase-auth:21.1.0] AndroidManifest.xml:33:13-43:29
94                <action android:name="android.intent.action.VIEW" />
94-->[com.google.firebase:firebase-auth:21.1.0] AndroidManifest.xml:34:17-69
94-->[com.google.firebase:firebase-auth:21.1.0] AndroidManifest.xml:34:25-66
95
96                <category android:name="android.intent.category.DEFAULT" />
96-->[com.google.firebase:firebase-auth:21.1.0] AndroidManifest.xml:36:17-76
96-->[com.google.firebase:firebase-auth:21.1.0] AndroidManifest.xml:36:27-73
97                <category android:name="android.intent.category.BROWSABLE" />
97-->[com.google.firebase:firebase-auth:21.1.0] AndroidManifest.xml:37:17-78
97-->[com.google.firebase:firebase-auth:21.1.0] AndroidManifest.xml:37:27-75
98
99                <data
99-->[com.google.firebase:firebase-auth:21.1.0] AndroidManifest.xml:39:17-42:51
100                    android:host="firebase.auth"
100-->[com.google.firebase:firebase-auth:21.1.0] AndroidManifest.xml:40:21-49
101                    android:path="/"
101-->[com.google.firebase:firebase-auth:21.1.0] AndroidManifest.xml:41:21-37
102                    android:scheme="genericidp" />
102-->[com.google.firebase:firebase-auth:21.1.0] AndroidManifest.xml:42:21-48
103            </intent-filter>
104        </activity>
105        <activity
105-->[com.google.firebase:firebase-auth:21.1.0] AndroidManifest.xml:45:9-62:20
106            android:name="com.google.firebase.auth.internal.RecaptchaActivity"
106-->[com.google.firebase:firebase-auth:21.1.0] AndroidManifest.xml:46:13-79
107            android:excludeFromRecents="true"
107-->[com.google.firebase:firebase-auth:21.1.0] AndroidManifest.xml:47:13-46
108            android:exported="true"
108-->[com.google.firebase:firebase-auth:21.1.0] AndroidManifest.xml:48:13-36
109            android:launchMode="singleTask"
109-->[com.google.firebase:firebase-auth:21.1.0] AndroidManifest.xml:49:13-44
110            android:theme="@android:style/Theme.Translucent.NoTitleBar" >
110-->[com.google.firebase:firebase-auth:21.1.0] AndroidManifest.xml:50:13-72
111            <intent-filter>
111-->[com.google.firebase:firebase-auth:21.1.0] AndroidManifest.xml:51:13-61:29
112                <action android:name="android.intent.action.VIEW" />
112-->[com.google.firebase:firebase-auth:21.1.0] AndroidManifest.xml:34:17-69
112-->[com.google.firebase:firebase-auth:21.1.0] AndroidManifest.xml:34:25-66
113
114                <category android:name="android.intent.category.DEFAULT" />
114-->[com.google.firebase:firebase-auth:21.1.0] AndroidManifest.xml:36:17-76
114-->[com.google.firebase:firebase-auth:21.1.0] AndroidManifest.xml:36:27-73
115                <category android:name="android.intent.category.BROWSABLE" />
115-->[com.google.firebase:firebase-auth:21.1.0] AndroidManifest.xml:37:17-78
115-->[com.google.firebase:firebase-auth:21.1.0] AndroidManifest.xml:37:27-75
116
117                <data
117-->[com.google.firebase:firebase-auth:21.1.0] AndroidManifest.xml:39:17-42:51
118                    android:host="firebase.auth"
118-->[com.google.firebase:firebase-auth:21.1.0] AndroidManifest.xml:40:21-49
119                    android:path="/"
119-->[com.google.firebase:firebase-auth:21.1.0] AndroidManifest.xml:41:21-37
120                    android:scheme="recaptcha" />
120-->[com.google.firebase:firebase-auth:21.1.0] AndroidManifest.xml:42:21-48
121            </intent-filter>
122        </activity>
123
124        <provider
124-->[com.google.firebase:firebase-common:20.3.0] AndroidManifest.xml:25:9-30:39
125            android:name="com.google.firebase.provider.FirebaseInitProvider"
125-->[com.google.firebase:firebase-common:20.3.0] AndroidManifest.xml:26:13-77
126            android:authorities="com.example.newsapp.firebaseinitprovider"
126-->[com.google.firebase:firebase-common:20.3.0] AndroidManifest.xml:27:13-72
127            android:directBootAware="true"
127-->[com.google.firebase:firebase-common:20.3.0] AndroidManifest.xml:28:13-43
128            android:exported="false"
128-->[com.google.firebase:firebase-common:20.3.0] AndroidManifest.xml:29:13-37
129            android:initOrder="100" />
129-->[com.google.firebase:firebase-common:20.3.0] AndroidManifest.xml:30:13-36
130
131        <activity
131-->[com.facebook.android:facebook-common:16.0.0] AndroidManifest.xml:22:9-25:66
132            android:name="com.facebook.FacebookActivity"
132-->[com.facebook.android:facebook-common:16.0.0] AndroidManifest.xml:23:13-57
133            android:configChanges="keyboard|keyboardHidden|screenLayout|screenSize|orientation"
133-->[com.facebook.android:facebook-common:16.0.0] AndroidManifest.xml:24:13-96
134            android:theme="@style/com_facebook_activity_theme" />
134-->[com.facebook.android:facebook-common:16.0.0] AndroidManifest.xml:25:13-63
135        <activity android:name="com.facebook.CustomTabMainActivity" />
135-->[com.facebook.android:facebook-common:16.0.0] AndroidManifest.xml:26:9-71
135-->[com.facebook.android:facebook-common:16.0.0] AndroidManifest.xml:26:19-68
136        <activity
136-->[com.facebook.android:facebook-common:16.0.0] AndroidManifest.xml:27:9-41:20
137            android:name="com.facebook.CustomTabActivity"
137-->[com.facebook.android:facebook-common:16.0.0] AndroidManifest.xml:28:13-58
138            android:exported="true" >
138-->[com.facebook.android:facebook-common:16.0.0] AndroidManifest.xml:29:13-36
139            <intent-filter>
139-->[com.facebook.android:facebook-common:16.0.0] AndroidManifest.xml:31:13-40:29
140                <action android:name="android.intent.action.VIEW" />
140-->[com.google.firebase:firebase-auth:21.1.0] AndroidManifest.xml:34:17-69
140-->[com.google.firebase:firebase-auth:21.1.0] AndroidManifest.xml:34:25-66
141
142                <category android:name="android.intent.category.DEFAULT" />
142-->[com.google.firebase:firebase-auth:21.1.0] AndroidManifest.xml:36:17-76
142-->[com.google.firebase:firebase-auth:21.1.0] AndroidManifest.xml:36:27-73
143                <category android:name="android.intent.category.BROWSABLE" />
143-->[com.google.firebase:firebase-auth:21.1.0] AndroidManifest.xml:37:17-78
143-->[com.google.firebase:firebase-auth:21.1.0] AndroidManifest.xml:37:27-75
144
145                <data
145-->[com.google.firebase:firebase-auth:21.1.0] AndroidManifest.xml:39:17-42:51
146                    android:host="cct.com.example.newsapp"
146-->[com.google.firebase:firebase-auth:21.1.0] AndroidManifest.xml:40:21-49
147                    android:scheme="fbconnect" />
147-->[com.google.firebase:firebase-auth:21.1.0] AndroidManifest.xml:42:21-48
148            </intent-filter>
149        </activity>
150        <!--
151         The initialization ContentProvider will call FacebookSdk.sdkInitialize automatically
152         with the application context. This config is merged in with the host app's manifest,
153         but there can only be one provider with the same authority activated at any given
154         point; so if the end user has two or more different apps that use Facebook SDK, only the
155         first one will be able to use the provider. To work around this problem, we use the
156         following placeholder in the authority to identify each host application as if it was
157         a completely different provider.
158        -->
159        <provider
159-->[com.facebook.android:facebook-core:16.0.0] AndroidManifest.xml:29:9-32:40
160            android:name="com.facebook.internal.FacebookInitProvider"
160-->[com.facebook.android:facebook-core:16.0.0] AndroidManifest.xml:30:13-70
161            android:authorities="com.example.newsapp.FacebookInitProvider"
161-->[com.facebook.android:facebook-core:16.0.0] AndroidManifest.xml:31:13-72
162            android:exported="false" />
162-->[com.facebook.android:facebook-core:16.0.0] AndroidManifest.xml:32:13-37
163
164        <receiver
164-->[com.facebook.android:facebook-core:16.0.0] AndroidManifest.xml:34:9-40:20
165            android:name="com.facebook.CurrentAccessTokenExpirationBroadcastReceiver"
165-->[com.facebook.android:facebook-core:16.0.0] AndroidManifest.xml:35:13-86
166            android:exported="false" >
166-->[com.facebook.android:facebook-core:16.0.0] AndroidManifest.xml:36:13-37
167            <intent-filter>
167-->[com.facebook.android:facebook-core:16.0.0] AndroidManifest.xml:37:13-39:29
168                <action android:name="com.facebook.sdk.ACTION_CURRENT_ACCESS_TOKEN_CHANGED" />
168-->[com.facebook.android:facebook-core:16.0.0] AndroidManifest.xml:38:17-95
168-->[com.facebook.android:facebook-core:16.0.0] AndroidManifest.xml:38:25-92
169            </intent-filter>
170        </receiver>
171        <receiver
171-->[com.facebook.android:facebook-core:16.0.0] AndroidManifest.xml:41:9-47:20
172            android:name="com.facebook.AuthenticationTokenManager$CurrentAuthenticationTokenChangedBroadcastReceiver"
172-->[com.facebook.android:facebook-core:16.0.0] AndroidManifest.xml:42:13-118
173            android:exported="false" >
173-->[com.facebook.android:facebook-core:16.0.0] AndroidManifest.xml:43:13-37
174            <intent-filter>
174-->[com.facebook.android:facebook-core:16.0.0] AndroidManifest.xml:44:13-46:29
175                <action android:name="com.facebook.sdk.ACTION_CURRENT_AUTHENTICATION_TOKEN_CHANGED" />
175-->[com.facebook.android:facebook-core:16.0.0] AndroidManifest.xml:45:17-103
175-->[com.facebook.android:facebook-core:16.0.0] AndroidManifest.xml:45:25-100
176            </intent-filter>
177        </receiver>
178
179        <activity
179-->[com.google.android.gms:play-services-auth:20.4.1] AndroidManifest.xml:23:9-27:75
180            android:name="com.google.android.gms.auth.api.signin.internal.SignInHubActivity"
180-->[com.google.android.gms:play-services-auth:20.4.1] AndroidManifest.xml:24:13-93
181            android:excludeFromRecents="true"
181-->[com.google.android.gms:play-services-auth:20.4.1] AndroidManifest.xml:25:13-46
182            android:exported="false"
182-->[com.google.android.gms:play-services-auth:20.4.1] AndroidManifest.xml:26:13-37
183            android:theme="@android:style/Theme.Translucent.NoTitleBar" />
183-->[com.google.android.gms:play-services-auth:20.4.1] AndroidManifest.xml:27:13-72
184        <!--
185            Service handling Google Sign-In user revocation. For apps that do not integrate with
186            Google Sign-In, this service will never be started.
187        -->
188        <service
188-->[com.google.android.gms:play-services-auth:20.4.1] AndroidManifest.xml:33:9-37:51
189            android:name="com.google.android.gms.auth.api.signin.RevocationBoundService"
189-->[com.google.android.gms:play-services-auth:20.4.1] AndroidManifest.xml:34:13-89
190            android:exported="true"
190-->[com.google.android.gms:play-services-auth:20.4.1] AndroidManifest.xml:35:13-36
191            android:permission="com.google.android.gms.auth.api.signin.permission.REVOCATION_NOTIFICATION"
191-->[com.google.android.gms:play-services-auth:20.4.1] AndroidManifest.xml:36:13-107
192            android:visibleToInstantApps="true" />
192-->[com.google.android.gms:play-services-auth:20.4.1] AndroidManifest.xml:37:13-48
193
194        <activity
194-->[com.google.android.gms:play-services-base:18.0.1] AndroidManifest.xml:20:9-22:45
195            android:name="com.google.android.gms.common.api.GoogleApiActivity"
195-->[com.google.android.gms:play-services-base:18.0.1] AndroidManifest.xml:20:19-85
196            android:exported="false"
196-->[com.google.android.gms:play-services-base:18.0.1] AndroidManifest.xml:22:19-43
197            android:theme="@android:style/Theme.Translucent.NoTitleBar" />
197-->[com.google.android.gms:play-services-base:18.0.1] AndroidManifest.xml:21:19-78
198
199        <meta-data
199-->[com.google.android.gms:play-services-basement:18.1.0] AndroidManifest.xml:21:9-23:69
200            android:name="com.google.android.gms.version"
200-->[com.google.android.gms:play-services-basement:18.1.0] AndroidManifest.xml:22:13-58
201            android:value="@integer/google_play_services_version" />
201-->[com.google.android.gms:play-services-basement:18.1.0] AndroidManifest.xml:23:13-66
202    </application>
203
204</manifest>